2022-11-02 22:07:58.089  INFO 18476 --- [restartedMain] c.javaAssignment.JavaBackendApplication  : Starting JavaBackendApplication using Java 18.0.1.1 on DESKTOP-ND9850L with PID 18476 (C:\Users\admin\Documents\Spring Boot\Java-Backend\target\classes started by admin in C:\Users\admin\Documents\Spring Boot\Java-Backend)
2022-11-02 22:07:58.091 DEBUG 18476 --- [restartedMain] c.javaAssignment.JavaBackendApplication  : Running with Spring Boot v2.6.0, Spring v5.3.13
2022-11-02 22:07:58.091  INFO 18476 --- [restartedMain] c.javaAssignment.JavaBackendApplication  : No active profile set, falling back to default profiles: default
2022-11-02 22:07:58.234  INFO 18476 --- [restartedMain] .e.DevToolsPropertyDefaultsPostProcessor : Devtools property defaults active! Set 'spring.devtools.add-properties' to 'false' to disable
2022-11-02 22:07:58.234  INFO 18476 --- [restartedMain] .e.DevToolsPropertyDefaultsPostProcessor : For additional web related logging consider setting the 'logging.level.web' property to 'DEBUG'
2022-11-02 22:07:59.540  INFO 18476 --- [restartedMain] .s.d.r.c.RepositoryConfigurationDelegate : Bootstrapping Spring Data JPA repositories in DEFAULT mode.
2022-11-02 22:07:59.659  INFO 18476 --- [restartedMain] .s.d.r.c.RepositoryConfigurationDelegate : Finished Spring Data repository scanning in 102 ms. Found 4 JPA repository interfaces.
2022-11-02 22:08:01.008  INFO 18476 --- [restartedMain] o.s.b.w.embedded.tomcat.TomcatWebServer  : Tomcat initialized with port(s): 8082 (http)
2022-11-02 22:08:01.028  INFO 18476 --- [restartedMain] o.apache.catalina.core.StandardService   : Starting service [Tomcat]
2022-11-02 22:08:01.029  INFO 18476 --- [restartedMain] org.apache.catalina.core.StandardEngine  : Starting Servlet engine: [Apache Tomcat/9.0.55]
2022-11-02 22:08:01.165  INFO 18476 --- [restartedMain] o.a.c.c.C.[Tomcat].[localhost].[/]       : Initializing Spring embedded WebApplicationContext
2022-11-02 22:08:01.166  INFO 18476 --- [restartedMain] w.s.c.ServletWebServerApplicationContext : Root WebApplicationContext: initialization completed in 2931 ms
2022-11-02 22:08:01.482  INFO 18476 --- [restartedMain] o.hibernate.jpa.internal.util.LogHelper  : HHH000204: Processing PersistenceUnitInfo [name: default]
2022-11-02 22:08:01.595  INFO 18476 --- [restartedMain] org.hibernate.Version                    : HHH000412: Hibernate ORM core version 5.6.1.Final
2022-11-02 22:08:01.898  INFO 18476 --- [restartedMain] o.hibernate.annotations.common.Version   : HCANN000001: Hibernate Commons Annotations {5.1.2.Final}
2022-11-02 22:08:02.021  INFO 18476 --- [restartedMain] com.zaxxer.hikari.HikariDataSource       : HikariPool-1 - Starting...
2022-11-02 22:08:02.310  INFO 18476 --- [restartedMain] com.zaxxer.hikari.HikariDataSource       : HikariPool-1 - Start completed.
2022-11-02 22:08:02.329  INFO 18476 --- [restartedMain] org.hibernate.dialect.Dialect            : HHH000400: Using dialect: org.hibernate.dialect.MySQL5InnoDBDialect
2022-11-02 22:08:03.150  INFO 18476 --- [restartedMain] o.h.e.t.j.p.i.JtaPlatformInitiator       : HHH000490: Using JtaPlatform implementation: [org.hibernate.engine.transaction.jta.platform.internal.NoJtaPlatform]
2022-11-02 22:08:03.158  INFO 18476 --- [restartedMain] j.LocalContainerEntityManagerFactoryBean : Initialized JPA EntityManagerFactory for persistence unit 'default'
2022-11-02 22:08:03.922  WARN 18476 --- [restartedMain] JpaBaseConfiguration$JpaWebConfiguration : spring.jpa.open-in-view is enabled by default. Therefore, database queries may be performed during view rendering. Explicitly configure spring.jpa.open-in-view to disable this warning
2022-11-02 22:08:04.447  INFO 18476 --- [restartedMain] o.s.b.d.a.OptionalLiveReloadServer       : LiveReload server is running on port 35729
2022-11-02 22:08:05.111  INFO 18476 --- [restartedMain] o.s.b.w.embedded.tomcat.TomcatWebServer  : Tomcat started on port(s): 8082 (http) with context path ''
2022-11-02 22:08:05.130  INFO 18476 --- [restartedMain] c.javaAssignment.JavaBackendApplication  : Started JavaBackendApplication in 7.798 seconds (JVM running for 8.594)
2022-11-02 22:08:32.486  INFO 18476 --- [http-nio-8082-exec-1] o.a.c.c.C.[Tomcat].[localhost].[/]       : Initializing Spring DispatcherServlet 'dispatcherServlet'
2022-11-02 22:08:32.486  INFO 18476 --- [http-nio-8082-exec-1] o.s.web.servlet.DispatcherServlet        : Initializing Servlet 'dispatcherServlet'
2022-11-02 22:08:32.488  INFO 18476 --- [http-nio-8082-exec-1] o.s.web.servlet.DispatcherServlet        : Completed initialization in 1 ms
2022-11-02 22:08:32.515 TRACE 18476 --- [http-nio-8082-exec-1] c.j.c.security.SecurityController        : customerRegistration
2022-11-02 22:08:32.516 ERROR 18476 --- [http-nio-8082-exec-1] c.j.c.security.SecurityController        : Hello Benjamin
2022-11-02 22:08:32.634 ERROR 18476 --- [http-nio-8082-exec-1] c.j.services.security.SecurityService    : Hello Benjamin
2022-11-02 23:09:30.407  INFO 18476 --- [SpringApplicationShutdownHook] j.LocalContainerEntityManagerFactoryBean : Closing JPA EntityManagerFactory for persistence unit 'default'
2022-11-02 23:09:30.432  INFO 18476 --- [SpringApplicationShutdownHook] com.zaxxer.hikari.HikariDataSource       : HikariPool-1 - Shutdown initiated...
2022-11-02 23:09:30.438  INFO 18476 --- [SpringApplicationShutdownHook] com.zaxxer.hikari.HikariDataSource       : HikariPool-1 - Shutdown completed.
2022-11-02 23:09:37.542  INFO 20872 --- [restartedMain] c.javaAssignment.JavaBackendApplication  : Starting JavaBackendApplication using Java 18.0.1.1 on DESKTOP-ND9850L with PID 20872 (C:\Users\admin\Documents\Spring Boot\Java-Backend\target\classes started by admin in C:\Users\admin\Documents\Spring Boot\Java-Backend)
2022-11-02 23:09:37.544 DEBUG 20872 --- [restartedMain] c.javaAssignment.JavaBackendApplication  : Running with Spring Boot v2.6.0, Spring v5.3.13
2022-11-02 23:09:37.544  INFO 20872 --- [restartedMain] c.javaAssignment.JavaBackendApplication  : No active profile set, falling back to default profiles: default
2022-11-02 23:09:37.643  INFO 20872 --- [restartedMain] .e.DevToolsPropertyDefaultsPostProcessor : Devtools property defaults active! Set 'spring.devtools.add-properties' to 'false' to disable
2022-11-02 23:09:37.643  INFO 20872 --- [restartedMain] .e.DevToolsPropertyDefaultsPostProcessor : For additional web related logging consider setting the 'logging.level.web' property to 'DEBUG'
2022-11-02 23:09:38.733  INFO 20872 --- [restartedMain] .s.d.r.c.RepositoryConfigurationDelegate : Bootstrapping Spring Data JPA repositories in DEFAULT mode.
2022-11-02 23:09:38.879  INFO 20872 --- [restartedMain] .s.d.r.c.RepositoryConfigurationDelegate : Finished Spring Data repository scanning in 125 ms. Found 4 JPA repository interfaces.
2022-11-02 23:09:40.382  INFO 20872 --- [restartedMain] o.s.b.w.embedded.tomcat.TomcatWebServer  : Tomcat initialized with port(s): 8082 (http)
2022-11-02 23:09:40.410  INFO 20872 --- [restartedMain] o.apache.catalina.core.StandardService   : Starting service [Tomcat]
2022-11-02 23:09:40.411  INFO 20872 --- [restartedMain] org.apache.catalina.core.StandardEngine  : Starting Servlet engine: [Apache Tomcat/9.0.55]
2022-11-02 23:09:40.545  INFO 20872 --- [restartedMain] o.a.c.c.C.[Tomcat].[localhost].[/]       : Initializing Spring embedded WebApplicationContext
2022-11-02 23:09:40.546  INFO 20872 --- [restartedMain] w.s.c.ServletWebServerApplicationContext : Root WebApplicationContext: initialization completed in 2902 ms
2022-11-02 23:09:40.931  INFO 20872 --- [restartedMain] o.hibernate.jpa.internal.util.LogHelper  : HHH000204: Processing PersistenceUnitInfo [name: default]
2022-11-02 23:09:41.025  INFO 20872 --- [restartedMain] org.hibernate.Version                    : HHH000412: Hibernate ORM core version 5.6.1.Final
2022-11-02 23:09:41.248  INFO 20872 --- [restartedMain] o.hibernate.annotations.common.Version   : HCANN000001: Hibernate Commons Annotations {5.1.2.Final}
2022-11-02 23:09:41.398  INFO 20872 --- [restartedMain] com.zaxxer.hikari.HikariDataSource       : HikariPool-1 - Starting...
2022-11-02 23:09:41.701  INFO 20872 --- [restartedMain] com.zaxxer.hikari.HikariDataSource       : HikariPool-1 - Start completed.
2022-11-02 23:09:41.727  INFO 20872 --- [restartedMain] org.hibernate.dialect.Dialect            : HHH000400: Using dialect: org.hibernate.dialect.MySQL5InnoDBDialect
2022-11-02 23:09:42.696  INFO 20872 --- [restartedMain] o.h.e.t.j.p.i.JtaPlatformInitiator       : HHH000490: Using JtaPlatform implementation: [org.hibernate.engine.transaction.jta.platform.internal.NoJtaPlatform]
2022-11-02 23:09:42.708  INFO 20872 --- [restartedMain] j.LocalContainerEntityManagerFactoryBean : Initialized JPA EntityManagerFactory for persistence unit 'default'
2022-11-02 23:09:43.447  WARN 20872 --- [restartedMain] JpaBaseConfiguration$JpaWebConfiguration : spring.jpa.open-in-view is enabled by default. Therefore, database queries may be performed during view rendering. Explicitly configure spring.jpa.open-in-view to disable this warning
2022-11-02 23:09:44.270  INFO 20872 --- [restartedMain] o.s.b.d.a.OptionalLiveReloadServer       : LiveReload server is running on port 35729
2022-11-02 23:09:44.320  INFO 20872 --- [restartedMain] o.s.b.w.embedded.tomcat.TomcatWebServer  : Tomcat started on port(s): 8082 (http) with context path ''
2022-11-02 23:09:44.334  INFO 20872 --- [restartedMain] c.javaAssignment.JavaBackendApplication  : Started JavaBackendApplication in 7.448 seconds (JVM running for 8.238)
2022-11-02 23:10:02.966  INFO 20872 --- [http-nio-8082-exec-2] o.a.c.c.C.[Tomcat].[localhost].[/]       : Initializing Spring DispatcherServlet 'dispatcherServlet'
2022-11-02 23:10:02.967  INFO 20872 --- [http-nio-8082-exec-2] o.s.web.servlet.DispatcherServlet        : Initializing Servlet 'dispatcherServlet'
2022-11-02 23:10:02.968  INFO 20872 --- [http-nio-8082-exec-2] o.s.web.servlet.DispatcherServlet        : Completed initialization in 1 ms
2022-11-02 23:10:03.001 TRACE 20872 --- [http-nio-8082-exec-2] c.j.c.security.SecurityController        : customerRegistration
2022-11-02 23:10:03.002 ERROR 20872 --- [http-nio-8082-exec-2] c.j.c.security.SecurityController        : Hello Benjamin
2022-11-02 23:10:03.142 ERROR 20872 --- [http-nio-8082-exec-2] c.j.services.security.SecurityService    : Hello Benjamin
